<?xml version="1.0" encoding="UTF-8"?>
<testng-results ignored="0" total="1" passed="0" failed="1" skipped="0">
  <reporter-output>
  </reporter-output>
  <suite started-at="2023-08-05T14:05:20 IST" name="HrOne" finished-at="2023-08-05T14:06:31 IST" duration-ms="71055">
    <groups>
      <group name="cucumber">
        <method signature="AbstractTestNGCucumberTests.runScenario(io.cucumber.testng.PickleWrapper,io.cucumber.testng.FeatureWrapper)[pri:0, instance:testRunner.hrOneTest@68df9280]" name="runScenario" class="io.cucumber.testng.AbstractTestNGCucumberTests"/>
      </group> <!-- cucumber -->
    </groups>
    <test started-at="2023-08-05T14:05:20 IST" name="/Users/bharathshenoy/HRONE" finished-at="2023-08-05T14:06:31 IST" duration-ms="71055">
      <class name="testRunner.hrOneTest">
        <test-method is-config="true" signature="setUpClass(org.testng.ITestContext)[pri:0, instance:testRunner.hrOneTest@68df9280]" started-at="2023-08-05T14:05:20 IST" name="setUpClass" finished-at="2023-08-05T14:05:20 IST" duration-ms="414" status="PASS">
          <params>
            <param index="0">
              <value>
                <![CDATA[org.testng.TestRunner@75e80a97]]>
              </value>
            </param>
          </params>
          <reporter-output>
          </reporter-output>
        </test-method> <!-- setUpClass -->
        <test-method signature="runScenario(io.cucumber.testng.PickleWrapper,io.cucumber.testng.FeatureWrapper)[pri:0, instance:testRunner.hrOneTest@68df9280]" started-at="2023-08-05T14:05:20 IST" name="runScenario" description="Runs Cucumber Scenarios" data-provider="scenarios" finished-at="2023-08-05T14:06:31 IST" duration-ms="70522" status="FAIL">
          <params>
            <param index="0">
              <value>
                <![CDATA["Login to HrOne"]]>
              </value>
            </param>
            <param index="1">
              <value>
                <![CDATA["Login page"]]>
              </value>
            </param>
          </params>
          <exception class="org.openqa.selenium.TimeoutException">
            <message>
              <![CDATA[Expected condition failed: waiting for number of elements found by By.id: hrone-username to be less than "1". Current number: "1" (tried for 60 second(s) with 500 milliseconds interval)
Build info: version: '4.10.0', revision: 'c14d967899'
System info: os.name: 'Mac OS X', os.arch: 'x86_64', os.version: '12.6.8', java.version: '20.0.1'
Driver info: org.openqa.selenium.chrome.ChromeDriver
Capabilities {acceptInsecureCerts: false, browserName: chrome, browserVersion: 115.0.5790.170, chrome: {chromedriverVersion: 114.0.5735.90 (386bc09e8f4f..., userDataDir: /var/folders/z0/4tbh4gr536v...}, goog:chromeOptions: {debuggerAddress: localhost:50732}, networkConnectionEnabled: false, pageLoadStrategy: normal, platformName: mac, proxy: Proxy(), se:cdp: ws://localhost:50732/devtoo..., se:cdpVersion: 115.0.5790.170, setWindowRect: true, strictFileInteractability: false, timeouts: {implicit: 0, pageLoad: 300000, script: 30000}, unhandledPromptBehavior: dismiss and notify, webauthn:extension:credBlob: true, webauthn:extension:largeBlob: true, webauthn:extension:minPinLength: true, webauthn:extension:prf: true, webauthn:virtualAuthenticators: true}
Session ID: 2b1d82b4ca633fbce3f9cf743a384cf0]]>
            </message>
            <full-stacktrace>
              <![CDATA[org.openqa.selenium.TimeoutException: Expected condition failed: waiting for number of elements found by By.id: hrone-username to be less than "1". Current number: "1" (tried for 60 second(s) with 500 milliseconds interval)
Build info: version: '4.10.0', revision: 'c14d967899'
System info: os.name: 'Mac OS X', os.arch: 'x86_64', os.version: '12.6.8', java.version: '20.0.1'
Driver info: org.openqa.selenium.chrome.ChromeDriver
Capabilities {acceptInsecureCerts: false, browserName: chrome, browserVersion: 115.0.5790.170, chrome: {chromedriverVersion: 114.0.5735.90 (386bc09e8f4f..., userDataDir: /var/folders/z0/4tbh4gr536v...}, goog:chromeOptions: {debuggerAddress: localhost:50732}, networkConnectionEnabled: false, pageLoadStrategy: normal, platformName: mac, proxy: Proxy(), se:cdp: ws://localhost:50732/devtoo..., se:cdpVersion: 115.0.5790.170, setWindowRect: true, strictFileInteractability: false, timeouts: {implicit: 0, pageLoad: 300000, script: 30000}, unhandledPromptBehavior: dismiss and notify, webauthn:extension:credBlob: true, webauthn:extension:largeBlob: true, webauthn:extension:minPinLength: true, webauthn:extension:prf: true, webauthn:virtualAuthenticators: true}
Session ID: 2b1d82b4ca633fbce3f9cf743a384cf0
at org.openqa.selenium.support.ui.WebDriverWait.timeoutException(WebDriverWait.java:87)
at org.openqa.selenium.support.ui.FluentWait.until(FluentWait.java:231)
at com.hrOne.pages.LoginPage.enterUsername(LoginPage.java:44)
at steps.LoginSteps.userEntersUsername(LoginSteps.java:42)
at ✽.user clicks on username field and enters username(file:///Users/bharathshenoy/hrone-cucumber/src/test/resources/features/login.feature:9)
]]>
            </full-stacktrace>
          </exception> <!-- org.openqa.selenium.TimeoutException -->
          <reporter-output>
          </reporter-output>
        </test-method> <!-- runScenario -->
        <test-method is-config="true" signature="tearDownClass()[pri:0, instance:testRunner.hrOneTest@68df9280]" started-at="2023-08-05T14:06:31 IST" name="tearDownClass" finished-at="2023-08-05T14:06:31 IST" duration-ms="85" status="PASS">
          <reporter-output>
          </reporter-output>
        </test-method> <!-- tearDownClass -->
      </class> <!-- testRunner.hrOneTest -->
    </test> <!-- /Users/bharathshenoy/HRONE -->
  </suite> <!-- HrOne -->
</testng-results>
