<?xml version="1.0" encoding="UTF-8"?>
<testsuite xmlns:xsi="http://www.w3.org/2001/XMLSchema-instance" xsi:noNamespaceSchemaLocation="https://maven.apache.org/surefire/maven-surefire-plugin/xsd/surefire-test-report-3.0.xsd" version="3.0" name="TestSuite" time="71.936" tests="1" errors="0" skipped="0" failures="1">
  <properties>
[...]
</properties>
  <testcase name="runScenario[&quot;Login to HrOne&quot;, &quot;Login page&quot;](1)" classname="testRunner.hrOneTest" time="70.527">
    <failure message="Expected condition failed: waiting for number of elements found by By.id: hrone-username to be less than &quot;1&quot;. Current number: &quot;1&quot; (tried for 60 second(s) with 500 milliseconds interval)&#10;Build info: version: &apos;4.10.0&apos;, revision: &apos;c14d967899&apos;&#10;System info: os.name: &apos;Mac OS X&apos;, os.arch: &apos;x86_64&apos;, os.version: &apos;12.6.8&apos;, java.version: &apos;20.0.1&apos;&#10;Driver info: org.openqa.selenium.chrome.ChromeDriver&#10;Capabilities {acceptInsecureCerts: false, browserName: chrome, browserVersion: 115.0.5790.170, chrome: {chromedriverVersion: 114.0.5735.90 (386bc09e8f4f..., userDataDir: /var/folders/z0/4tbh4gr536v...}, goog:chromeOptions: {debuggerAddress: localhost:50732}, networkConnectionEnabled: false, pageLoadStrategy: normal, platformName: mac, proxy: Proxy(), se:cdp: ws://localhost:50732/devtoo..., se:cdpVersion: 115.0.5790.170, setWindowRect: true, strictFileInteractability: false, timeouts: {implicit: 0, pageLoad: 300000, script: 30000}, unhandledPromptBehavior: dismiss and notify, webauthn:extension:credBlob: true, webauthn:extension:largeBlob: true, webauthn:extension:minPinLength: true, webauthn:extension:prf: true, webauthn:virtualAuthenticators: true}&#10;Session ID: 2b1d82b4ca633fbce3f9cf743a384cf0" type="org.openqa.selenium.TimeoutException"><![CDATA[org.openqa.selenium.TimeoutException: 
Expected condition failed: waiting for number of elements found by By.id: hrone-username to be less than "1". Current number: "1" (tried for 60 second(s) with 500 milliseconds interval)
Build info: version: '4.10.0', revision: 'c14d967899'
System info: os.name: 'Mac OS X', os.arch: 'x86_64', os.version: '12.6.8', java.version: '20.0.1'
Driver info: org.openqa.selenium.chrome.ChromeDriver
Capabilities {acceptInsecureCerts: false, browserName: chrome, browserVersion: 115.0.5790.170, chrome: {chromedriverVersion: 114.0.5735.90 (386bc09e8f4f..., userDataDir: /var/folders/z0/4tbh4gr536v...}, goog:chromeOptions: {debuggerAddress: localhost:50732}, networkConnectionEnabled: false, pageLoadStrategy: normal, platformName: mac, proxy: Proxy(), se:cdp: ws://localhost:50732/devtoo..., se:cdpVersion: 115.0.5790.170, setWindowRect: true, strictFileInteractability: false, timeouts: {implicit: 0, pageLoad: 300000, script: 30000}, unhandledPromptBehavior: dismiss and notify, webauthn:extension:credBlob: true, webauthn:extension:largeBlob: true, webauthn:extension:minPinLength: true, webauthn:extension:prf: true, webauthn:virtualAuthenticators: true}
Session ID: 2b1d82b4ca633fbce3f9cf743a384cf0
]]></failure>
    <system-out><![CDATA[[&amp#27;[1;34mINFO&amp#27;[0;39m] [Utils] MethodGroupsHelper.collectMethodsByGroup() took 0 ms.
[&amp#27;[1;34mINFO&amp#27;[0;39m] [Utils] MethodGroupsHelper.sortMethods() took 1 ms.
[&amp#27;[1;34mINFO&amp#27;[0;39m] [Utils] MethodGroupsHelper.collectMethodsByGroup() took 0 ms.
[&amp#27;[1;34mINFO&amp#27;[0;39m] [Utils] MethodGroupsHelper.sortMethods() took 0 ms.
[&amp#27;[1;34mINFO&amp#27;[0;39m] [Utils] MethodGroupsHelper.collectMethodsByGroup() took 0 ms.
[&amp#27;[1;34mINFO&amp#27;[0;39m] [Utils] MethodGroupsHelper.sortMethods() took 0 ms.
[&amp#27;[1;34mINFO&amp#27;[0;39m] [Utils] MethodGroupsHelper.collectMethodsByGroup() took 0 ms.
[&amp#27;[1;34mINFO&amp#27;[0;39m] [Utils] MethodGroupsHelper.sortMethods() took 0 ms.
[&amp#27;[1;34mINFO&amp#27;[0;39m] [Utils] MethodGroupsHelper.collectMethodsByGroup() took 0 ms.
[&amp#27;[1;34mINFO&amp#27;[0;39m] [Utils] MethodGroupsHelper.sortMethods() took 10 ms.
[&amp#27;[1;34mINFO&amp#27;[0;39m] [Utils] MethodGroupsHelper.collectMethodsByGroup() took 0 ms.
[&amp#27;[1;34mINFO&amp#27;[0;39m] [Utils] MethodGroupsHelper.sortMethods() took 0 ms.
[&amp#27;[1;34mINFO&amp#27;[0;39m] [Utils] MethodGroupsHelper.collectMethodsByGroup() took 0 ms.
[&amp#27;[1;34mINFO&amp#27;[0;39m] [Utils] MethodGroupsHelper.sortMethods() took 0 ms.
[&amp#27;[1;34mINFO&amp#27;[0;39m] [Utils] MethodGroupsHelper.collectMethodsByGroup() took 0 ms.
[&amp#27;[1;34mINFO&amp#27;[0;39m] [Utils] MethodGroupsHelper.sortMethods() took 0 ms.
[&amp#27;[1;34mINFO&amp#27;[0;39m] [Utils] MethodGroupsHelper.collectMethodsByGroup() took 0 ms.
[&amp#27;[1;34mINFO&amp#27;[0;39m] [Utils] MethodGroupsHelper.sortMethods() took 0 ms.
[&amp#27;[1;34mINFO&amp#27;[0;39m] [Utils] MethodGroupsHelper.collectMethodsByGroup() took 0 ms.
[&amp#27;[1;34mINFO&amp#27;[0;39m] [Utils] MethodGroupsHelper.sortMethods() took 0 ms.
[&amp#27;[1;34mINFO&amp#27;[0;39m] [Utils] MethodGroupsHelper.collectMethodsByGroup() took 0 ms.
[&amp#27;[1;34mINFO&amp#27;[0;39m] [Utils] MethodGroupsHelper.sortMethods() took 0 ms.
[&amp#27;[1;34mINFO&amp#27;[0;39m] [Utils] MethodGroupsHelper.collectMethodsByGroup() took 0 ms.
[&amp#27;[1;34mINFO&amp#27;[0;39m] [Utils] MethodGroupsHelper.sortMethods() took 0 ms.
[&amp#27;[1;34mINFO&amp#27;[0;39m] [Utils] MethodGroupsHelper.collectMethodsByGroup() took 3 ms.
[&amp#27;[1;34mINFO&amp#27;[0;39m] [Utils] MethodGroupsHelper.sortMethods() took 0 ms.
[&amp#27;[1;34mINFO&amp#27;[0;39m] [Utils] MethodGroupsHelper.collectMethodsByGroup() took 0 ms.
[&amp#27;[1;34mINFO&amp#27;[0;39m] [Utils] MethodGroupsHelper.sortMethods() took 0 ms.
[&amp#27;[1;34mINFO&amp#27;[0;39m] [Utils] MethodGroupsHelper.collectMethodsByGroup() took 0 ms.
[&amp#27;[1;34mINFO&amp#27;[0;39m] [Utils] MethodGroupsHelper.sortMethods() took 0 ms.
[&amp#27;[1;34mINFO&amp#27;[0;39m] [Utils] DynamicGraphHelper.createDynamicGraph() took 4 ms.

@smoke
Scenario: Login to HrOne                                &amp#27;[90m# src/test/resources/features/login.feature:7&amp#27;[0m
  &amp#27;[32mGiven &amp#27;[0m&amp#27;[32muser enters the HrOne website url&amp#27;[0m               &amp#27;[90m# steps.LoginSteps.userEntersHrOneUrl()&amp#27;[0m
  &amp#27;[32mWhen &amp#27;[0m&amp#27;[32muser is in hrOne login page&amp#27;[0m                      &amp#27;[90m# steps.LoginSteps.userInHrOneLoginPage()&amp#27;[0m
  &amp#27;[31mAnd &amp#27;[0m&amp#27;[31muser clicks on username field and enters username&amp#27;[0m &amp#27;[90m# steps.LoginSteps.userEntersUsername()&amp#27;[0m
      &amp#27;[31morg.openqa.selenium.TimeoutException: Expected condition failed: waiting for number of elements found by By.id: hrone-username to be less than "1". Current number: "1" (tried for 60 second(s) with 500 milliseconds interval)
Build info: version: '4.10.0', revision: 'c14d967899'
System info: os.name: 'Mac OS X', os.arch: 'x86_64', os.version: '12.6.8', java.version: '20.0.1'
Driver info: org.openqa.selenium.chrome.ChromeDriver
Capabilities {acceptInsecureCerts: false, browserName: chrome, browserVersion: 115.0.5790.170, chrome: {chromedriverVersion: 114.0.5735.90 (386bc09e8f4f..., userDataDir: /var/folders/z0/4tbh4gr536v...}, goog:chromeOptions: {debuggerAddress: localhost:50732}, networkConnectionEnabled: false, pageLoadStrategy: normal, platformName: mac, proxy: Proxy(), se:cdp: ws://localhost:50732/devtoo..., se:cdpVersion: 115.0.5790.170, setWindowRect: true, strictFileInteractability: false, timeouts: {implicit: 0, pageLoad: 300000, script: 30000}, unhandledPromptBehavior: dismiss and notify, webauthn:extension:credBlob: true, webauthn:extension:largeBlob: true, webauthn:extension:minPinLength: true, webauthn:extension:prf: true, webauthn:virtualAuthenticators: true}
Session ID: 2b1d82b4ca633fbce3f9cf743a384cf0
	at org.openqa.selenium.support.ui.WebDriverWait.timeoutException(WebDriverWait.java:87)
	at org.openqa.selenium.support.ui.FluentWait.until(FluentWait.java:231)
	at com.hrOne.pages.LoginPage.enterUsername(LoginPage.java:44)
	at steps.LoginSteps.userEntersUsername(LoginSteps.java:42)
	at ✽.user clicks on username field and enters username(file:///Users/bharathshenoy/hrone-cucumber/src/test/resources/features/login.feature:9)
&amp#27;[0m
  &amp#27;[36mAnd &amp#27;[0m&amp#27;[36muser clicks on Next button&amp#27;[0m                        &amp#27;[90m# steps.LoginSteps.userClicksOnNext()&amp#27;[0m
  &amp#27;[36mAnd &amp#27;[0m&amp#27;[36muser clicks on password field and enters password&amp#27;[0m &amp#27;[90m# steps.LoginSteps.userEntersPassword()&amp#27;[0m
  &amp#27;[36mAnd &amp#27;[0m&amp#27;[36muser clicks on Login button&amp#27;[0m                       &amp#27;[90m# steps.LoginSteps.userClicksOnLoginButton()&amp#27;[0m
  &amp#27;[36mThen &amp#27;[0m&amp#27;[36muser will be taken to HrOne one home page&amp#27;[0m        &amp#27;[90m# steps.LoginSteps.userOnHronePage()&amp#27;[0m
]]></system-out>
    <system-err><![CDATA[Aug 05, 2023 2:05:20 PM org.openqa.selenium.remote.service.DriverService$Builder getLogOutput
INFO: Driver logs no longer sent to console by default; https://www.selenium.dev/documentation/webdriver/drivers/service/#setting-log-output
Aug 05, 2023 2:05:23 PM org.openqa.selenium.devtools.CdpVersionFinder findNearestMatch
WARNING: Unable to find CDP implementation matching 115
Aug 05, 2023 2:05:23 PM org.openqa.selenium.chromium.ChromiumDriver lambda$new$4
WARNING: Unable to find version of CDP to use for . You may need to include a dependency on a specific version of the CDP using something similar to `org.seleniumhq.selenium:selenium-devtools-v86:4.10.0` where the version ("v86") matches the version of the chromium-based browser you're using and the version number of the artifact is the same as Selenium's.
]]></system-err>
  </testcase>
</testsuite>