<?xml version="1.0" encoding="UTF-8"?>
<testsuite xmlns:xsi="http://www.w3.org/2001/XMLSchema-instance" xsi:noNamespaceSchemaLocation="https://maven.apache.org/surefire/maven-surefire-plugin/xsd/surefire-test-report-3.0.xsd" version="3.0" name="TestSuite" time="100.1" tests="1" errors="0" skipped="0" failures="0">
  <properties>
[...]
</properties>
  <testcase name="runScenario[&quot;Mark the attendance daily&quot;, &quot;Login page&quot;](1)" classname="testRunner.hrOneTest" time="98.907">
    <system-out><![CDATA[
@smoke
Scenario: Mark the attendance daily       &amp#27;[90m# src/test/resources/features/markAttendance.feature:8&amp#27;[0m
BrowserStack sessionID.......... 9ff5cb66e1e1db7ad944d6ca74141d68beeb266b
  &amp#27;[32mGiven &amp#27;[0m&amp#27;[32muser enters the HrOne website url&amp#27;[0m &amp#27;[90m# steps.LoginSteps.userEntersHrOneUrl()&amp#27;[0m
  &amp#27;[32mAnd &amp#27;[0m&amp#27;[32muser performs valid login operation&amp#27;[0m &amp#27;[90m# steps.MarkingAttendanceSteps.userLogin()&amp#27;[0m
  &amp#27;[32mGiven &amp#27;[0m&amp#27;[32muser in in HrOne home page&amp#27;[0m        &amp#27;[90m# steps.MarkingAttendanceSteps.userIsInHrOneHomePage()&amp#27;[0m
May be Later button clicked
Clear button clicked
  &amp#27;[32mWhen &amp#27;[0m&amp#27;[32muser closes all the pop ups&amp#27;[0m        &amp#27;[90m# steps.MarkingAttendanceSteps.userClosesAllPopUps()&amp#27;[0m
  &amp#27;[32mThen &amp#27;[0m&amp#27;[32muser will mark the attendance&amp#27;[0m      &amp#27;[90m# steps.MarkingAttendanceSteps.userMarksAttendance()&amp#27;[0m
]]></system-out>
    <system-err><![CDATA[Mar 05, 2023 10:56:52 PM org.openqa.selenium.remote.tracing.opentelemetry.OpenTelemetryTracer createTracer
INFO: Using OpenTelemetry for tracing
Mar 05, 2023 10:56:52 PM org.openqa.selenium.remote.RemoteWebDriver checkNonW3CCapabilities
WARNING: Support for Legacy Capabilities is deprecated; You are sending the following invalid capabilities: [browserstack.geoLocation]; Please update to W3C Syntax: https://www.selenium.dev/blog/2022/legacy-protocol-support/
Mar 05, 2023 10:58:05 PM org.openqa.selenium.remote.ProtocolHandshake createSession
WARNING: Support for Legacy Capabilities is deprecated; You are sending the following invalid capabilities: [browserstack.geoLocation]; Please update to W3C Syntax: https://www.selenium.dev/blog/2022/legacy-protocol-support/
]]></system-err>
  </testcase>
</testsuite>